Added Component: Designator=C1(Cap2.54mm_LGE1.0)
Added Component: Designator=C?(Cap2.54mm_LGE1.0)
Added Component: Designator=D1(DO-41_XLGE1.2)
Added Component: Designator=D2(DO-41_XLGE1.2)
Added Component: Designator=D3(DO-41_XLGE1.2)
Added Component: Designator=D4(DO-41_XLGE1.2)
Added Component: Designator=D5(DO-41_XLGE1.2)
Added Component: Designator=D6(DO-41_XLGE1.2)
Added Component: Designator=D7(DO-41_XLGE1.2)
Added Component: Designator=D8(DO-41_XLGE1.2)
Added Component: Designator=DriverInput(TERM-BLOCK-5.08MM-3POS)
Added Component: Designator=EncoderInput(HDR2X4_LGE1.0)
Added Component: Designator=Motor1In(HDR1X4_LGE1.0)
Added Component: Designator=Motor1Out(TERM-BLOCK-5.08MM-2POS)
Added Component: Designator=Motor2In(HDR1X4_LGE1.0)
Added Component: Designator=Motor2Out(TERM-BLOCK-5.08MM-2POS)
Added Component: Designator=MotorDriver(Multiwatt15_V_ELEC391mod)
Added Component: Designator=NanoIn1A(HDR1X10_LGE1.0)
Added Component: Designator=NanoIn1B(HDR1X5_LGE1.0)
Added Component: Designator=NanoIn2A(HDR1X10_LGE1.0)
Added Component: Designator=NanoIn2B(HDR1X5_LGE1.0)
Added Component: Designator=NanoOut1A(HDR1X10_LGE1.0)
Added Component: Designator=NanoOut1B(HDR1X5_LGE1.0)
Added Component: Designator=NanoOut2A(HDR1X10_LGE1.0)
Added Component: Designator=NanoOut2B(HDR1X5_LGE1.0)
Added Component: Designator=Power(HDR2X4_LGE1.0)
Added Pin To Net: NetName=DIREC1A Pin=Motor1In-4
Added Pin To Net: NetName=DIREC1A Pin=MotorDriver-5
Added Pin To Net: NetName=DIREC1A Pin=NanoIn2A-9
Added Pin To Net: NetName=DIREC1A Pin=NanoOut2A-9
Added Net: Name=DIREC1A
Added Pin To Net: NetName=DIREC1B Pin=Motor1In-3
Added Pin To Net: NetName=DIREC1B Pin=MotorDriver-7
Added Pin To Net: NetName=DIREC1B Pin=NanoIn2A-8
Added Pin To Net: NetName=DIREC1B Pin=NanoOut2A-8
Added Net: Name=DIREC1B
Added Pin To Net: NetName=DIREC2A Pin=Motor2In-4
Added Pin To Net: NetName=DIREC2A Pin=MotorDriver-12
Added Pin To Net: NetName=DIREC2A Pin=NanoIn2A-6
Added Pin To Net: NetName=DIREC2A Pin=NanoOut2A-6
Added Net: Name=DIREC2A
Added Pin To Net: NetName=DIREC2B Pin=Motor2In-3
Added Pin To Net: NetName=DIREC2B Pin=MotorDriver-10
Added Pin To Net: NetName=DIREC2B Pin=NanoIn2A-5
Added Pin To Net: NetName=DIREC2B Pin=NanoOut2A-5
Added Net: Name=DIREC2B
Added Pin To Net: NetName=ENABLE1 Pin=Motor1In-2
Added Pin To Net: NetName=ENABLE1 Pin=MotorDriver-6
Added Pin To Net: NetName=ENABLE1 Pin=NanoIn2A-10
Added Pin To Net: NetName=ENABLE1 Pin=NanoOut2A-10
Added Net: Name=ENABLE1
Added Pin To Net: NetName=ENABLE2 Pin=Motor2In-2
Added Pin To Net: NetName=ENABLE2 Pin=MotorDriver-11
Added Pin To Net: NetName=ENABLE2 Pin=NanoIn2A-7
Added Pin To Net: NetName=ENABLE2 Pin=NanoOut2A-7
Added Net: Name=ENABLE2
Added Pin To Net: NetName=ENC1A Pin=EncoderInput-1
Added Pin To Net: NetName=ENC1A Pin=NanoIn2A-4
Added Pin To Net: NetName=ENC1A Pin=NanoOut2A-4
Added Net: Name=ENC1A
Added Pin To Net: NetName=ENC1B Pin=EncoderInput-2
Added Pin To Net: NetName=ENC1B Pin=NanoIn2A-3
Added Pin To Net: NetName=ENC1B Pin=NanoOut2A-3
Added Net: Name=ENC1B
Added Pin To Net: NetName=ENC2A Pin=EncoderInput-3
Added Pin To Net: NetName=ENC2A Pin=NanoIn2A-2
Added Pin To Net: NetName=ENC2A Pin=NanoOut2A-2
Added Net: Name=ENC2A
Added Pin To Net: NetName=ENC2B Pin=EncoderInput-4
Added Pin To Net: NetName=ENC2B Pin=NanoIn2A-1
Added Pin To Net: NetName=ENC2B Pin=NanoOut2A-1
Added Net: Name=ENC2B
Added Pin To Net: NetName=GND Pin=C1-2
Added Pin To Net: NetName=GND Pin=C?-1
Added Pin To Net: NetName=GND Pin=D2-1
Added Pin To Net: NetName=GND Pin=D4-1
Added Pin To Net: NetName=GND Pin=D7-1
Added Pin To Net: NetName=GND Pin=D8-1
Added Pin To Net: NetName=GND Pin=DriverInput-1
Added Pin To Net: NetName=GND Pin=EncoderInput-7
Added Pin To Net: NetName=GND Pin=EncoderInput-8
Added Pin To Net: NetName=GND Pin=Motor1In-1
Added Pin To Net: NetName=GND Pin=Motor2In-1
Added Pin To Net: NetName=GND Pin=MotorDriver-1
Added Pin To Net: NetName=GND Pin=MotorDriver-8
Added Pin To Net: NetName=GND Pin=MotorDriver-15
Added Pin To Net: NetName=GND Pin=NanoIn1B-4
Added Pin To Net: NetName=GND Pin=NanoIn2B-4
Added Pin To Net: NetName=GND Pin=NanoOut1B-4
Added Pin To Net: NetName=GND Pin=NanoOut2B-4
Added Pin To Net: NetName=GND Pin=Power-2
Added Pin To Net: NetName=GND Pin=Power-4
Added Pin To Net: NetName=GND Pin=Power-6
Added Pin To Net: NetName=GND Pin=Power-8
Added Net: Name=GND
Added Pin To Net: NetName=NetNanoIn1A_1 Pin=NanoIn1A-1
Added Pin To Net: NetName=NetNanoIn1A_1 Pin=NanoOut1A-1
Added Net: Name=NetNanoIn1A_1
Added Pin To Net: NetName=NetNanoIn1A_2 Pin=NanoIn1A-2
Added Pin To Net: NetName=NetNanoIn1A_2 Pin=NanoOut1A-2
Added Net: Name=NetNanoIn1A_2
Added Pin To Net: NetName=NetNanoIn1A_3 Pin=NanoIn1A-3
Added Pin To Net: NetName=NetNanoIn1A_3 Pin=NanoOut1A-3
Added Net: Name=NetNanoIn1A_3
Added Pin To Net: NetName=NetNanoIn1A_4 Pin=NanoIn1A-4
Added Pin To Net: NetName=NetNanoIn1A_4 Pin=NanoOut1A-4
Added Net: Name=NetNanoIn1A_4
Added Pin To Net: NetName=NetNanoIn1A_5 Pin=NanoIn1A-5
Added Pin To Net: NetName=NetNanoIn1A_5 Pin=NanoOut1A-5
Added Net: Name=NetNanoIn1A_5
Added Pin To Net: NetName=NetNanoIn1A_6 Pin=NanoIn1A-6
Added Pin To Net: NetName=NetNanoIn1A_6 Pin=NanoOut1A-6
Added Net: Name=NetNanoIn1A_6
Added Pin To Net: NetName=NetNanoIn1A_7 Pin=NanoIn1A-7
Added Pin To Net: NetName=NetNanoIn1A_7 Pin=NanoOut1A-7
Added Net: Name=NetNanoIn1A_7
Added Pin To Net: NetName=NetNanoIn1A_8 Pin=NanoIn1A-8
Added Pin To Net: NetName=NetNanoIn1A_8 Pin=NanoOut1A-8
Added Net: Name=NetNanoIn1A_8
Added Pin To Net: NetName=NetNanoIn1A_9 Pin=NanoIn1A-9
Added Pin To Net: NetName=NetNanoIn1A_9 Pin=NanoOut1A-9
Added Net: Name=NetNanoIn1A_9
Added Pin To Net: NetName=NetNanoIn1A_10 Pin=NanoIn1A-10
Added Pin To Net: NetName=NetNanoIn1A_10 Pin=NanoOut1A-10
Added Net: Name=NetNanoIn1A_10
Added Pin To Net: NetName=NetNanoIn1B_1 Pin=NanoIn1B-1
Added Pin To Net: NetName=NetNanoIn1B_1 Pin=NanoOut1B-1
Added Net: Name=NetNanoIn1B_1
Added Pin To Net: NetName=NetNanoIn1B_3 Pin=NanoIn1B-3
Added Pin To Net: NetName=NetNanoIn1B_3 Pin=NanoOut1B-3
Added Net: Name=NetNanoIn1B_3
Added Pin To Net: NetName=NetNanoIn1B_5 Pin=NanoIn1B-5
Added Pin To Net: NetName=NetNanoIn1B_5 Pin=NanoOut1B-5
Added Net: Name=NetNanoIn1B_5
Added Pin To Net: NetName=NetNanoIn2B_1 Pin=NanoIn2B-1
Added Pin To Net: NetName=NetNanoIn2B_1 Pin=NanoOut2B-1
Added Net: Name=NetNanoIn2B_1
Added Pin To Net: NetName=NetNanoIn2B_2 Pin=NanoIn2B-2
Added Pin To Net: NetName=NetNanoIn2B_2 Pin=NanoOut2B-2
Added Net: Name=NetNanoIn2B_2
Added Pin To Net: NetName=NetNanoIn2B_3 Pin=NanoIn2B-3
Added Pin To Net: NetName=NetNanoIn2B_3 Pin=NanoOut2B-3
Added Net: Name=NetNanoIn2B_3
Added Pin To Net: NetName=NetNanoIn2B_5 Pin=NanoIn2B-5
Added Pin To Net: NetName=NetNanoIn2B_5 Pin=NanoOut2B-5
Added Net: Name=NetNanoIn2B_5
Added Pin To Net: NetName=V1+ Pin=D3-1
Added Pin To Net: NetName=V1+ Pin=D4-2
Added Pin To Net: NetName=V1+ Pin=Motor1Out-2
Added Pin To Net: NetName=V1+ Pin=MotorDriver-3
Added Net: Name=V1+
Added Pin To Net: NetName=V1- Pin=D1-1
Added Pin To Net: NetName=V1- Pin=D2-2
Added Pin To Net: NetName=V1- Pin=Motor1Out-1
Added Pin To Net: NetName=V1- Pin=MotorDriver-2
Added Net: Name=V1-
Added Pin To Net: NetName=V2+ Pin=D6-1
Added Pin To Net: NetName=V2+ Pin=D8-2
Added Pin To Net: NetName=V2+ Pin=Motor2Out-2
Added Pin To Net: NetName=V2+ Pin=MotorDriver-13
Added Net: Name=V2+
Added Pin To Net: NetName=V2- Pin=D5-1
Added Pin To Net: NetName=V2- Pin=D7-2
Added Pin To Net: NetName=V2- Pin=Motor2Out-1
Added Pin To Net: NetName=V2- Pin=MotorDriver-14
Added Net: Name=V2-
Added Pin To Net: NetName=VCC Pin=D5-2
Added Pin To Net: NetName=VCC Pin=D6-2
Added Net: Name=VCC
Added Pin To Net: NetName=VSS Pin=C?-2
Added Pin To Net: NetName=VSS Pin=DriverInput-3
Added Pin To Net: NetName=VSS Pin=EncoderInput-5
Added Pin To Net: NetName=VSS Pin=EncoderInput-6
Added Pin To Net: NetName=VSS Pin=MotorDriver-9
Added Pin To Net: NetName=VSS Pin=NanoIn1B-2
Added Pin To Net: NetName=VSS Pin=NanoOut1B-2
Added Pin To Net: NetName=VSS Pin=Power-1
Added Pin To Net: NetName=VSS Pin=Power-3
Added Pin To Net: NetName=VSS Pin=Power-5
Added Pin To Net: NetName=VSS Pin=Power-7
Added Net: Name=VSS
Added Pin To Net: NetName=VS Pin=C1-1
Added Pin To Net: NetName=VS Pin=D1-2
Added Pin To Net: NetName=VS Pin=D3-2
Added Pin To Net: NetName=VS Pin=DriverInput-2
Added Pin To Net: NetName=VS Pin=MotorDriver-4
Added Net: Name=VS
Added Class: Name=PCB
Added Room: Name=PCB
