Change Component Designator: OldDesignator=12V NewDesignator=DriverInput
Change Component Designator: OldDesignator=Encoder NewDesignator=EncoderInput
Change Component Designator: OldDesignator=Motor1 NewDesignator=Motor1Out
Change Component Designator: OldDesignator=Motor2 NewDesignator=Motor2Out
Added Component: Designator=C1(Cap2.54mm_LGE1.0)
Added Component: Designator=C2(Cap2.54mm_LGE1.0)
Added Component: Designator=MotorDriver(Multiwatt15_V_ELEC391HS)
Added Pin To Net: NetName=VS Pin=C1-1
Added Pin To Net: NetName=GND Pin=C1-2
Added Pin To Net: NetName=GND Pin=C2-1
Added Pin To Net: NetName=VSS Pin=C2-2
Added Pin To Net: NetName=GND Pin=MotorDriver-1
Added Pin To Net: NetName=V1- Pin=MotorDriver-2
Added Pin To Net: NetName=V1+ Pin=MotorDriver-3
Added Pin To Net: NetName=VS Pin=MotorDriver-4
Added Pin To Net: NetName=DIREC1A Pin=MotorDriver-5
Added Pin To Net: NetName=ENABLE1 Pin=MotorDriver-6
Added Pin To Net: NetName=DIREC1B Pin=MotorDriver-7
Added Pin To Net: NetName=GND Pin=MotorDriver-8
Added Pin To Net: NetName=VSS Pin=MotorDriver-9
Added Pin To Net: NetName=DIREC2B Pin=MotorDriver-10
Added Pin To Net: NetName=ENABLE2 Pin=MotorDriver-11
Added Pin To Net: NetName=DIREC2A Pin=MotorDriver-12
Added Pin To Net: NetName=V2+ Pin=MotorDriver-13
Added Pin To Net: NetName=V2- Pin=MotorDriver-14
Added Pin To Net: NetName=GND Pin=MotorDriver-15
Added Member To Class: ClassName=PCB Member=Component C1 G-Cap
Added Member To Class: ClassName=PCB Member=Component C2 G-Cap
Added Member To Class: ClassName=PCB Member=Component MotorDriver Q-LN298HS
Added Room: Name=PCB
