Change Component Footprint: Designator=C1 Old Footprint=Cap2.54mm_LGE1.0 New Footprint=Cap2.54mm_LGE1.0
Change Component Footprint: Designator=C? Old Footprint=Cap2.54mm_LGE1.0 New Footprint=Cap2.54mm_LGE1.0
Change Component Footprint: Designator=D1 Old Footprint=DO-41_XLGE1.2 New Footprint=DO-41_XLGE1.2
Change Component Footprint: Designator=D2 Old Footprint=DO-41_XLGE1.2 New Footprint=DO-41_XLGE1.2
Change Component Footprint: Designator=D3 Old Footprint=DO-41_XLGE1.2 New Footprint=DO-41_XLGE1.2
Change Component Footprint: Designator=D4 Old Footprint=DO-41_XLGE1.2 New Footprint=DO-41_XLGE1.2
Change Component Footprint: Designator=D5 Old Footprint=DO-41_XLGE1.2 New Footprint=DO-41_XLGE1.2
Change Component Footprint: Designator=D6 Old Footprint=DO-41_XLGE1.2 New Footprint=DO-41_XLGE1.2
Change Component Footprint: Designator=D7 Old Footprint=DO-41_XLGE1.2 New Footprint=DO-41_XLGE1.2
Change Component Footprint: Designator=D8 Old Footprint=DO-41_XLGE1.2 New Footprint=DO-41_XLGE1.2
Change Component Footprint: Designator=Motor1In Old Footprint=HDR1X4_LGE1.0 New Footprint=HDR1X4_LGE1.0
Change Component Footprint: Designator=Motor2In Old Footprint=HDR1X4_LGE1.0 New Footprint=HDR1X4_LGE1.0
Change Component Footprint: Designator=NanoIn1B Old Footprint=HDR1X5_LGE1.0 New Footprint=HDR1X5_LGE1.0
Change Component Footprint: Designator=NanoIn2B Old Footprint=HDR1X5_LGE1.0 New Footprint=HDR1X5_LGE1.0
Change Component Footprint: Designator=NanoOut1B Old Footprint=HDR1X5_LGE1.0 New Footprint=HDR1X5_LGE1.0
Change Component Footprint: Designator=NanoOut2B Old Footprint=HDR1X5_LGE1.0 New Footprint=HDR1X5_LGE1.0
Change Component Footprint: Designator=NanoIn1A Old Footprint=HDR1X10_LGE1.0 New Footprint=HDR1X10_LGE1.0
Change Component Footprint: Designator=NanoIn2A Old Footprint=HDR1X10_LGE1.0 New Footprint=HDR1X10_LGE1.0
Change Component Footprint: Designator=NanoOut1A Old Footprint=HDR1X10_LGE1.0 New Footprint=HDR1X10_LGE1.0
Change Component Footprint: Designator=NanoOut2A Old Footprint=HDR1X10_LGE1.0 New Footprint=HDR1X10_LGE1.0
Change Component Footprint: Designator=EncoderInput Old Footprint=HDR2X4_LGE1.0 New Footprint=HDR2X4_LGE1.0
Change Component Footprint: Designator=Power Old Footprint=HDR2X4_LGE1.0 New Footprint=HDR2X4_LGE1.0
Change Component Footprint: Designator=MotorDriver Old Footprint=Multiwatt15_V_ELEC391mod New Footprint=Multiwatt15_V_ELEC391mod
Added Component: Designator=P?(HDR1X15)
Added Member To Class: ClassName=PCB Member=Component P? Header 15
Added Room: Name=PCB
