Change Component Designator: OldDesignator=Encoder NewDesignator=EncoderInput
Change Component Designator: OldDesignator=Motor1 NewDesignator=Motor1Out
Change Component Designator: OldDesignator=Motor2 NewDesignator=Motor2Out
Change Component Designator: OldDesignator=Vs NewDesignator=DriverInput
Change Component Library : Designator=C1 Old Library=<Unknown Vault> New Library=PartsDatabaseV16.1.IntLib
Change Component Library : Designator=C2 Old Library=<Unknown Vault> New Library=PartsDatabaseV16.1.IntLib
Change Component Library : Designator=D1 Old Library=<Unknown Vault> New Library=PartsDatabaseV16.1.IntLib
Change Component Library : Designator=D2 Old Library=<Unknown Vault> New Library=PartsDatabaseV16.1.IntLib
Change Component Library : Designator=D3 Old Library=<Unknown Vault> New Library=PartsDatabaseV16.1.IntLib
Change Component Library : Designator=D4 Old Library=<Unknown Vault> New Library=PartsDatabaseV16.1.IntLib
Change Component Library : Designator=D5 Old Library=<Unknown Vault> New Library=PartsDatabaseV16.1.IntLib
Change Component Library : Designator=D6 Old Library=<Unknown Vault> New Library=PartsDatabaseV16.1.IntLib
Change Component Library : Designator=D7 Old Library=<Unknown Vault> New Library=PartsDatabaseV16.1.IntLib
Change Component Library : Designator=D8 Old Library=<Unknown Vault> New Library=PartsDatabaseV16.1.IntLib
Change Component Library : Designator=EncoderInput Old Library=<Unknown Vault> New Library=PartsDatabaseV16.1.IntLib
Change Component Library : Designator=Motor1Out Old Library=<Unknown Vault> New Library=PartsDatabaseV16.1.IntLib
Change Component Library : Designator=Motor2Out Old Library=<Unknown Vault> New Library=PartsDatabaseV16.1.IntLib
Change Component Library : Designator=DriverInput Old Library=<Unknown Vault> New Library=PartsDatabaseV16.1.IntLib
Added Pin To Net: NetName=VS Pin=D5-2
Added Pin To Net: NetName=VS Pin=D6-2
Added Room: Name=PCB
