Removed Pin From Net: NetName=VS Pin=DriverInput-2
Removed Pin From Net: NetName=VSS Pin=DriverInput-3
Change Component DesignItemId : Designator=DriverInput Old DesignItemId=C-Block3 New DesignItemId=C-Block2
Change Component Footprint: Designator=C1 Old Footprint=Cap2.54mm_LGE1.0 New Footprint=Cap2.54mm_LGE1.0
Change Component Footprint: Designator=C2 Old Footprint=Cap2.54mm_LGE1.0 New Footprint=Cap2.54mm_LGE1.0
Change Component Footprint: Designator=D1 Old Footprint=DO-41_XLGE1.2 New Footprint=DO-41_XLGE1.2
Change Component Footprint: Designator=D2 Old Footprint=DO-41_XLGE1.2 New Footprint=DO-41_XLGE1.2
Change Component Footprint: Designator=D3 Old Footprint=DO-41_XLGE1.2 New Footprint=DO-41_XLGE1.2
Change Component Footprint: Designator=D4 Old Footprint=DO-41_XLGE1.2 New Footprint=DO-41_XLGE1.2
Change Component Footprint: Designator=D5 Old Footprint=DO-41_XLGE1.2 New Footprint=DO-41_XLGE1.2
Change Component Footprint: Designator=D6 Old Footprint=DO-41_XLGE1.2 New Footprint=DO-41_XLGE1.2
Change Component Footprint: Designator=D7 Old Footprint=DO-41_XLGE1.2 New Footprint=DO-41_XLGE1.2
Change Component Footprint: Designator=D8 Old Footprint=DO-41_XLGE1.2 New Footprint=DO-41_XLGE1.2
Change Component Footprint: Designator=Motor1In Old Footprint=HDR1X4_LGE1.0 New Footprint=HDR1X4_LGE1.0
Change Component Footprint: Designator=Motor2In Old Footprint=HDR1X4_LGE1.0 New Footprint=HDR1X4_LGE1.0
Change Component Footprint: Designator=EncoderInput Old Footprint=HDR2X4_LGE1.0 New Footprint=HDR2X4_LGE1.0
Change Component Footprint: Designator=Power Old Footprint=HDR2X4_LGE1.0 New Footprint=HDR2X4_LGE1.0
Change Component Footprint: Designator=MotorDriver Old Footprint=Multiwatt15_V_ELEC391mod New Footprint=Multiwatt15_V_ELEC391mod
Change Component Footprint: Designator=DriverInput Old Footprint=TERM-BLOCK-5.08MM-3POS New Footprint=TERM-BLOCK-5.08MM-2POS
Change Component Comment : Designator=DriverInput Old Comment=Term-Block 3 New Comment=Term-Block 2
Added Pin To Net: NetName=VSS Pin=DriverInput-2
Added Room: Name=PCB
